2026-05-03 05:00:47,142 [INFO] [run] exp 311  backbone=lstm  seq_len=35  end=2025-12-31
2026-05-03 05:00:47,938 [INFO] [download] fetched 56 / 56 tickers
C:\Users\evija\anaconda3\Lib\site-packages\pandas\core\arraylike.py:399: RuntimeWarning: invalid value encountered in log
  result = getattr(ufunc, method)(*inputs, **kwargs)
2026-05-03 05:00:48,343 [INFO] [features] dropping 26 post-2009 columns: xlre_logret_1d, xlre_logret_5d, xlre_logret_20d, xlre_ma20_z, xlc_logret_1d, xlc_logret_5d, xlc_logret_20d, xlc_ma20_z, vix9d_over_vix, vix_over_vix6m ...
2026-05-03 05:00:48,354 [INFO] [features] 4777 rows × 205 features (after late-column drop)
2026-05-03 05:00:48,365 [INFO] [data] feats=(4772, 205)  targets=(4772, 4)  range=2006-12-28..2025-12-22
2026-05-03 05:00:48,388 [INFO] [splits] train=2573  val=673  test=1480  overlap=0/0/0
2026-05-03 05:00:48,394 [INFO] [splits] train=2573  val=673  test=1480  overlap=0/0/0
2026-05-03 05:00:48,414 [INFO] [splits] train=2573  val=673  test=1480  overlap=0/0/0
2026-05-03 05:00:48,417 [INFO] [splits] {'train_rows': 2573, 'val_rows': 673, 'test_rows': 1480, 'violations': 0, 'purge_days': 90, 'embargo_days': 21, 'label_buffer_days': 10}
[CPU SAFETY] Pinned to 4 P-core threads [0, 2, 4, 6] (WHEA errors on E-cores 16,17,24,25). Override with AUTORESEARCH_USE_ALL_CORES=1.
[CPU SAFETY] Pinned to 4 P-core threads [0, 2, 4, 6] (WHEA errors on E-cores 16,17,24,25). Override with AUTORESEARCH_USE_ALL_CORES=1.
Epoch 1/100  train=-1.797986  val=-2.520379  best=-2.520379  lr=1.00e-03  patience=0/15
Epoch 2/100  train=-2.595686  val=-2.888816  best=-2.888816  lr=9.99e-04  patience=0/15
Epoch 3/100  train=-2.753032  val=-2.842739  best=-2.888816  lr=9.98e-04  patience=1/15
Epoch 4/100  train=-2.825247  val=-2.810892  best=-2.888816  lr=9.96e-04  patience=2/15
Epoch 5/100  train=-2.826752  val=-2.829029  best=-2.888816  lr=9.94e-04  patience=3/15
Epoch 6/100  train=-2.881799  val=-2.795252  best=-2.888816  lr=9.91e-04  patience=4/15
Epoch 7/100  train=-2.897911  val=-2.769004  best=-2.888816  lr=9.88e-04  patience=5/15
Epoch 8/100  train=-2.909144  val=-2.832511  best=-2.888816  lr=9.84e-04  patience=6/15
Epoch 9/100  train=-2.935928  val=-2.883828  best=-2.888816  lr=9.80e-04  patience=7/15
Epoch 10/100  train=-2.941486  val=-2.853256  best=-2.888816  lr=9.76e-04  patience=8/15
Epoch 11/100  train=-2.940410  val=-2.813968  best=-2.888816  lr=9.70e-04  patience=9/15
Epoch 12/100  train=-2.946661  val=-2.872322  best=-2.888816  lr=9.65e-04  patience=10/15
Epoch 13/100  train=-2.956982  val=-2.885226  best=-2.888816  lr=9.59e-04  patience=11/15
Epoch 14/100  train=-2.956929  val=-2.842265  best=-2.888816  lr=9.52e-04  patience=12/15
Epoch 15/100  train=-2.959800  val=-2.874281  best=-2.888816  lr=9.46e-04  patience=13/15
Epoch 16/100  train=-2.957101  val=-2.869561  best=-2.888816  lr=9.38e-04  patience=14/15
Epoch 17/100  train=-2.957592  val=-2.874350  best=-2.888816  lr=9.30e-04  patience=15/15
  Early stopping at epoch 17
[exp 311] composite=+0.4753  A_sharpe=+0.7844  excess=-0.3320  B=-0.1962  D=+0.7844  BH=+1.1164  elapsed=52.6s  
