2026-05-03 05:06:44,833 [INFO] [run] exp 313  backbone=lstm  seq_len=35  end=2025-12-31
2026-05-03 05:06:45,202 [INFO] [download] fetched 56 / 56 tickers
C:\Users\evija\anaconda3\Lib\site-packages\pandas\core\arraylike.py:399: RuntimeWarning: invalid value encountered in log
  result = getattr(ufunc, method)(*inputs, **kwargs)
2026-05-03 05:06:45,628 [INFO] [features] dropping 26 post-2009 columns: xlre_logret_1d, xlre_logret_5d, xlre_logret_20d, xlre_ma20_z, xlc_logret_1d, xlc_logret_5d, xlc_logret_20d, xlc_ma20_z, vix9d_over_vix, vix_over_vix6m ...
2026-05-03 05:06:45,643 [INFO] [features] 4777 rows × 205 features (after late-column drop)
2026-05-03 05:06:45,657 [INFO] [data] feats=(4772, 205)  targets=(4772, 4)  range=2006-12-28..2025-12-22
2026-05-03 05:06:45,694 [INFO] [splits] train=2573  val=673  test=1480  overlap=0/0/0
2026-05-03 05:06:45,702 [INFO] [splits] train=2573  val=673  test=1480  overlap=0/0/0
2026-05-03 05:06:45,732 [INFO] [splits] train=2573  val=673  test=1480  overlap=0/0/0
2026-05-03 05:06:45,735 [INFO] [splits] {'train_rows': 2573, 'val_rows': 673, 'test_rows': 1480, 'violations': 0, 'purge_days': 90, 'embargo_days': 21, 'label_buffer_days': 10}
[CPU SAFETY] Pinned to 4 P-core threads [0, 2, 4, 6] (WHEA errors on E-cores 16,17,24,25). Override with AUTORESEARCH_USE_ALL_CORES=1.
[CPU SAFETY] Pinned to 4 P-core threads [0, 2, 4, 6] (WHEA errors on E-cores 16,17,24,25). Override with AUTORESEARCH_USE_ALL_CORES=1.
Epoch 1/100  train=-1.703398  val=-2.839086  best=-2.839086  lr=1.00e-03  patience=0/15
Epoch 2/100  train=-2.632071  val=-2.357943  best=-2.839086  lr=9.99e-04  patience=1/15
Epoch 3/100  train=-2.734369  val=-2.543646  best=-2.839086  lr=9.98e-04  patience=2/15
Epoch 4/100  train=-2.799723  val=-2.820159  best=-2.839086  lr=9.96e-04  patience=3/15
Epoch 5/100  train=-2.862146  val=-2.662200  best=-2.839086  lr=9.94e-04  patience=4/15
Epoch 6/100  train=-2.864003  val=-2.893791  best=-2.893791  lr=9.91e-04  patience=0/15
Epoch 7/100  train=-2.917234  val=-2.872785  best=-2.893791  lr=9.88e-04  patience=1/15
Epoch 8/100  train=-2.915608  val=-2.897467  best=-2.897467  lr=9.84e-04  patience=0/15
Epoch 9/100  train=-2.931871  val=-2.836017  best=-2.897467  lr=9.80e-04  patience=1/15
Epoch 10/100  train=-2.931727  val=-2.860828  best=-2.897467  lr=9.76e-04  patience=2/15
Epoch 11/100  train=-2.944085  val=-2.784879  best=-2.897467  lr=9.70e-04  patience=3/15
Epoch 12/100  train=-2.941554  val=-2.876020  best=-2.897467  lr=9.65e-04  patience=4/15
Epoch 13/100  train=-2.955267  val=-2.867096  best=-2.897467  lr=9.59e-04  patience=5/15
Epoch 14/100  train=-2.951596  val=-2.892185  best=-2.897467  lr=9.52e-04  patience=6/15
Epoch 15/100  train=-2.959870  val=-2.876752  best=-2.897467  lr=9.46e-04  patience=7/15
Epoch 16/100  train=-2.967544  val=-2.870423  best=-2.897467  lr=9.38e-04  patience=8/15
Epoch 17/100  train=-2.968321  val=-2.863833  best=-2.897467  lr=9.30e-04  patience=9/15
Epoch 18/100  train=-2.964823  val=-2.873673  best=-2.897467  lr=9.22e-04  patience=10/15
Epoch 19/100  train=-2.967739  val=-2.843406  best=-2.897467  lr=9.14e-04  patience=11/15
Epoch 20/100  train=-2.971731  val=-2.878961  best=-2.897467  lr=9.05e-04  patience=12/15
Epoch 21/100  train=-2.969869  val=-2.854075  best=-2.897467  lr=8.95e-04  patience=13/15
Epoch 22/100  train=-2.968894  val=-2.868568  best=-2.897467  lr=8.85e-04  patience=14/15
Epoch 23/100  train=-2.974725  val=-2.869975  best=-2.897467  lr=8.75e-04  patience=15/15
  Early stopping at epoch 23
[exp 313] composite=-0.7487  A_sharpe=-0.3487  excess=-1.4651  B=+0.2281  D=-0.3487  BH=+1.1164  elapsed=58.1s  
